<?xml version="1.0" encoding="UTF-8"?>
<robot generator="Robot 7.1.1 (Python 3.12.4 on win32)" generated="2025-07-11T14:52:30.604282" rpa="false" schemaversion="5">
<suite id="s1" name="RaghuProject01" source="C:\Users\Lenovo\PycharmProjects\RaghuProject01">
<suite id="s1-s1" name="CriticalFlows" source="C:\Users\Lenovo\PycharmProjects\RaghuProject01\CriticalFlows">
<suite id="s1-s1-s1" name="TC02 BookFromProviderAvailabiltyCalander" source="C:\Users\Lenovo\PycharmProjects\RaghuProject01\CriticalFlows\TC02_BookFromProviderAvailabiltyCalander.robot">
<test id="s1-s1-s1-t1" name="Open the browser and login as Consumer" line="14">
<kw name="Open Browser With Unique Profile" owner="BrowserKeywords">
<kw name="Evaluate" owner="BuiltIn">
<msg time="2025-07-11T14:52:30.791584" level="INFO">${uuid} = d8dbf93a01bd4583b5ed4e4b89253854</msg>
<var>${uuid}</var>
<arg>__import__('uuid').uuid4().hex</arg>
<doc>Evaluates the given expression in Python and returns the result.</doc>
<status status="PASS" start="2025-07-11T14:52:30.791584" elapsed="0.000000"/>
</kw>
<kw name="Set Variable" owner="BuiltIn">
<msg time="2025-07-11T14:52:30.791584" level="INFO">${profile_dir} = /tmp/chrome_profiles/NORM_d8dbf93a01bd4583b5ed4e4b89253854</msg>
<var>${profile_dir}</var>
<arg>${PROFILE_ROOT_DIR}/${alias}_${uuid}</arg>
<doc>Returns the given values which can then be assigned to a variables.</doc>
<status status="PASS" start="2025-07-11T14:52:30.791584" elapsed="0.000000"/>
</kw>
<kw name="Run Keyword And Return Status" owner="BuiltIn">
<kw name="Directory Should Exist" owner="OperatingSystem">
<msg time="2025-07-11T14:52:30.791584" level="INFO" html="true">Directory '&lt;a href="file://C:\tmp\chrome_profiles"&gt;C:\tmp\chrome_profiles&lt;/a&gt;' exists.</msg>
<arg>${PROFILE_ROOT_DIR}</arg>
<doc>Fails unless the given path points to an existing directory.</doc>
<status status="PASS" start="2025-07-11T14:52:30.791584" elapsed="0.000000"/>
</kw>
<msg time="2025-07-11T14:52:30.791584" level="INFO">${exists} = True</msg>
<var>${exists}</var>
<arg>Directory Should Exist</arg>
<arg>${PROFILE_ROOT_DIR}</arg>
<doc>Runs the given keyword with given arguments and returns the status as a Boolean value.</doc>
<status status="PASS" start="2025-07-11T14:52:30.791584" elapsed="0.000000"/>
</kw>
<if>
<branch type="IF" condition="not ${exists}">
<kw name="Create Directory" owner="OperatingSystem">
<arg>${PROFILE_ROOT_DIR}</arg>
<doc>Creates the specified directory.</doc>
<status status="NOT RUN" start="2025-07-11T14:52:30.791584" elapsed="0.000000"/>
</kw>
<status status="NOT RUN" start="2025-07-11T14:52:30.791584" elapsed="0.000000"/>
</branch>
<status status="PASS" start="2025-07-11T14:52:30.791584" elapsed="0.000000"/>
</if>
<kw name="Create Directory" owner="OperatingSystem">
<msg time="2025-07-11T14:52:30.791584" level="INFO" html="true">Created directory '&lt;a href="file://C:\tmp\chrome_profiles\NORM_d8dbf93a01bd4583b5ed4e4b89253854"&gt;C:\tmp\chrome_profiles\NORM_d8dbf93a01bd4583b5ed4e4b89253854&lt;/a&gt;'.</msg>
<arg>${profile_dir}</arg>
<doc>Creates the specified directory.</doc>
<status status="PASS" start="2025-07-11T14:52:30.791584" elapsed="0.000000"/>
</kw>
<kw name="Create List" owner="BuiltIn">
<msg time="2025-07-11T14:52:30.791584" level="INFO">${args} = []</msg>
<var>${args}</var>
<doc>Returns a list containing given items.</doc>
<status status="PASS" start="2025-07-11T14:52:30.791584" elapsed="0.000000"/>
</kw>
<for flavor="IN">
<iter>
<kw name="Append To List" owner="Collections">
<arg>${args}</arg>
<arg>${arg}</arg>
<doc>Adds ``values`` to the end of ``list``.</doc>
<status status="PASS" start="2025-07-11T14:52:30.791584" elapsed="0.000000"/>
</kw>
<var name="${arg}">--disable-popup-blocking</var>
<status status="PASS" start="2025-07-11T14:52:30.791584" elapsed="0.000000"/>
</iter>
<iter>
<kw name="Append To List" owner="Collections">
<arg>${args}</arg>
<arg>${arg}</arg>
<doc>Adds ``values`` to the end of ``list``.</doc>
<status status="PASS" start="2025-07-11T14:52:30.791584" elapsed="0.000000"/>
</kw>
<var name="${arg}">--disable-extensions</var>
<status status="PASS" start="2025-07-11T14:52:30.791584" elapsed="0.000000"/>
</iter>
<iter>
<kw name="Append To List" owner="Collections">
<arg>${args}</arg>
<arg>${arg}</arg>
<doc>Adds ``values`` to the end of ``list``.</doc>
<status status="PASS" start="2025-07-11T14:52:30.791584" elapsed="0.000000"/>
</kw>
<var name="${arg}">--disable-gpu</var>
<status status="PASS" start="2025-07-11T14:52:30.791584" elapsed="0.000000"/>
</iter>
<iter>
<kw name="Append To List" owner="Collections">
<arg>${args}</arg>
<arg>${arg}</arg>
<doc>Adds ``values`` to the end of ``list``.</doc>
<status status="PASS" start="2025-07-11T14:52:30.791584" elapsed="0.000000"/>
</kw>
<var name="${arg}">--no-sandbox</var>
<status status="PASS" start="2025-07-11T14:52:30.791584" elapsed="0.000000"/>
</iter>
<iter>
<kw name="Append To List" owner="Collections">
<arg>${args}</arg>
<arg>${arg}</arg>
<doc>Adds ``values`` to the end of ``list``.</doc>
<status status="PASS" start="2025-07-11T14:52:30.791584" elapsed="0.000000"/>
</kw>
<var name="${arg}">--window-size=1920,1080</var>
<status status="PASS" start="2025-07-11T14:52:30.791584" elapsed="0.000000"/>
</iter>
<iter>
<kw name="Append To List" owner="Collections">
<arg>${args}</arg>
<arg>${arg}</arg>
<doc>Adds ``values`` to the end of ``list``.</doc>
<status status="PASS" start="2025-07-11T14:52:30.791584" elapsed="0.000000"/>
</kw>
<var name="${arg}">--remote-debugging-port=0</var>
<status status="PASS" start="2025-07-11T14:52:30.791584" elapsed="0.000000"/>
</iter>
<iter>
<kw name="Append To List" owner="Collections">
<arg>${args}</arg>
<arg>${arg}</arg>
<doc>Adds ``values`` to the end of ``list``.</doc>
<status status="PASS" start="2025-07-11T14:52:30.791584" elapsed="0.000000"/>
</kw>
<var name="${arg}">--disable-dev-shm-usage</var>
<status status="PASS" start="2025-07-11T14:52:30.791584" elapsed="0.000000"/>
</iter>
<iter>
<kw name="Append To List" owner="Collections">
<arg>${args}</arg>
<arg>${arg}</arg>
<doc>Adds ``values`` to the end of ``list``.</doc>
<status status="PASS" start="2025-07-11T14:52:30.791584" elapsed="0.000000"/>
</kw>
<var name="${arg}">--disable-background-networking</var>
<status status="PASS" start="2025-07-11T14:52:30.791584" elapsed="0.000000"/>
</iter>
<var>${arg}</var>
<value>@{CHROME_BASE_ARGS}</value>
<status status="PASS" start="2025-07-11T14:52:30.791584" elapsed="0.000000"/>
</for>
<if>
<branch type="IF" condition="'${alias}' == 'INC'">
<kw name="Append To List" owner="Collections">
<arg>${args}</arg>
<arg>--incognito</arg>
<doc>Adds ``values`` to the end of ``list``.</doc>
<status status="NOT RUN" start="2025-07-11T14:52:30.791584" elapsed="0.000000"/>
</kw>
<status status="NOT RUN" start="2025-07-11T14:52:30.791584" elapsed="0.000000"/>
</branch>
<status status="PASS" start="2025-07-11T14:52:30.791584" elapsed="0.000000"/>
</if>
<kw name="Append To List" owner="Collections">
<arg>${args}</arg>
<arg>--user-data-dir=${profile_dir}</arg>
<doc>Adds ``values`` to the end of ``list``.</doc>
<status status="PASS" start="2025-07-11T14:52:30.791584" elapsed="0.000000"/>
</kw>
<kw name="Evaluate" owner="BuiltIn">
<msg time="2025-07-11T14:52:30.791584" level="INFO">${chrome options} = &lt;selenium.webdriver.chrome.options.Options object at 0x00000162390A7980&gt;</msg>
<var>${chrome options}</var>
<arg>sys.modules['selenium.webdriver'].ChromeOptions()</arg>
<arg>sys</arg>
<doc>Evaluates the given expression in Python and returns the result.</doc>
<status status="PASS" start="2025-07-11T14:52:30.791584" elapsed="0.000000"/>
</kw>
<kw name="Get Environment Variable" owner="OperatingSystem">
<msg time="2025-07-11T14:52:30.791584" level="INFO">${headless} = None</msg>
<var>${headless}</var>
<arg>ROBOT_HEADLESS</arg>
<arg>default=None</arg>
<doc>Returns the value of an environment variable with the given name.</doc>
<status status="PASS" start="2025-07-11T14:52:30.791584" elapsed="0.000000"/>
</kw>
<if>
<branch type="IF" condition="'${headless}' != 'None'">
<kw name="Call Method" owner="BuiltIn">
<arg>${chrome options}</arg>
<arg>add_argument</arg>
<arg>${headless}</arg>
<doc>Calls the named method of the given object with the provided arguments.</doc>
<status status="NOT RUN" start="2025-07-11T14:52:30.791584" elapsed="0.000000"/>
</kw>
<status status="NOT RUN" start="2025-07-11T14:52:30.791584" elapsed="0.000000"/>
</branch>
<status status="PASS" start="2025-07-11T14:52:30.791584" elapsed="0.000000"/>
</if>
<for flavor="IN">
<iter>
<kw name="Call Method" owner="BuiltIn">
<arg>${chrome options}</arg>
<arg>add_argument</arg>
<arg>${arg}</arg>
<doc>Calls the named method of the given object with the provided arguments.</doc>
<status status="PASS" start="2025-07-11T14:52:30.791584" elapsed="0.000000"/>
</kw>
<var name="${arg}">--disable-popup-blocking</var>
<status status="PASS" start="2025-07-11T14:52:30.791584" elapsed="0.000000"/>
</iter>
<iter>
<kw name="Call Method" owner="BuiltIn">
<arg>${chrome options}</arg>
<arg>add_argument</arg>
<arg>${arg}</arg>
<doc>Calls the named method of the given object with the provided arguments.</doc>
<status status="PASS" start="2025-07-11T14:52:30.791584" elapsed="0.000000"/>
</kw>
<var name="${arg}">--disable-extensions</var>
<status status="PASS" start="2025-07-11T14:52:30.791584" elapsed="0.000000"/>
</iter>
<iter>
<kw name="Call Method" owner="BuiltIn">
<arg>${chrome options}</arg>
<arg>add_argument</arg>
<arg>${arg}</arg>
<doc>Calls the named method of the given object with the provided arguments.</doc>
<status status="PASS" start="2025-07-11T14:52:30.791584" elapsed="0.000000"/>
</kw>
<var name="${arg}">--disable-gpu</var>
<status status="PASS" start="2025-07-11T14:52:30.791584" elapsed="0.000000"/>
</iter>
<iter>
<kw name="Call Method" owner="BuiltIn">
<arg>${chrome options}</arg>
<arg>add_argument</arg>
<arg>${arg}</arg>
<doc>Calls the named method of the given object with the provided arguments.</doc>
<status status="PASS" start="2025-07-11T14:52:30.791584" elapsed="0.000000"/>
</kw>
<var name="${arg}">--no-sandbox</var>
<status status="PASS" start="2025-07-11T14:52:30.791584" elapsed="0.000000"/>
</iter>
<iter>
<kw name="Call Method" owner="BuiltIn">
<arg>${chrome options}</arg>
<arg>add_argument</arg>
<arg>${arg}</arg>
<doc>Calls the named method of the given object with the provided arguments.</doc>
<status status="PASS" start="2025-07-11T14:52:30.791584" elapsed="0.000000"/>
</kw>
<var name="${arg}">--window-size=1920,1080</var>
<status status="PASS" start="2025-07-11T14:52:30.791584" elapsed="0.000000"/>
</iter>
<iter>
<kw name="Call Method" owner="BuiltIn">
<arg>${chrome options}</arg>
<arg>add_argument</arg>
<arg>${arg}</arg>
<doc>Calls the named method of the given object with the provided arguments.</doc>
<status status="PASS" start="2025-07-11T14:52:30.791584" elapsed="0.000000"/>
</kw>
<var name="${arg}">--remote-debugging-port=0</var>
<status status="PASS" start="2025-07-11T14:52:30.791584" elapsed="0.000000"/>
</iter>
<iter>
<kw name="Call Method" owner="BuiltIn">
<arg>${chrome options}</arg>
<arg>add_argument</arg>
<arg>${arg}</arg>
<doc>Calls the named method of the given object with the provided arguments.</doc>
<status status="PASS" start="2025-07-11T14:52:30.791584" elapsed="0.000000"/>
</kw>
<var name="${arg}">--disable-dev-shm-usage</var>
<status status="PASS" start="2025-07-11T14:52:30.791584" elapsed="0.000000"/>
</iter>
<iter>
<kw name="Call Method" owner="BuiltIn">
<arg>${chrome options}</arg>
<arg>add_argument</arg>
<arg>${arg}</arg>
<doc>Calls the named method of the given object with the provided arguments.</doc>
<status status="PASS" start="2025-07-11T14:52:30.791584" elapsed="0.000000"/>
</kw>
<var name="${arg}">--disable-background-networking</var>
<status status="PASS" start="2025-07-11T14:52:30.791584" elapsed="0.000000"/>
</iter>
<iter>
<kw name="Call Method" owner="BuiltIn">
<arg>${chrome options}</arg>
<arg>add_argument</arg>
<arg>${arg}</arg>
<doc>Calls the named method of the given object with the provided arguments.</doc>
<status status="PASS" start="2025-07-11T14:52:30.791584" elapsed="0.000000"/>
</kw>
<var name="${arg}">--user-data-dir=/tmp/chrome_profiles/NORM_d8dbf93a01bd4583b5ed4e4b89253854</var>
<status status="PASS" start="2025-07-11T14:52:30.791584" elapsed="0.000000"/>
</iter>
<var>${arg}</var>
<value>@{args}</value>
<status status="PASS" start="2025-07-11T14:52:30.791584" elapsed="0.000000"/>
</for>
<kw name="Open Browser" owner="SeleniumLibrary">
<msg time="2025-07-11T14:52:30.791584" level="INFO">Opening browser 'chrome' to base url 'https://app-dev.taskhuman.com/login'.</msg>
<arg>url=${url}</arg>
<arg>browser=chrome</arg>
<arg>options=${chrome options}</arg>
<arg>alias=${alias}</arg>
<doc>Opens a new browser instance to the optional ``url``.</doc>
<status status="PASS" start="2025-07-11T14:52:30.791584" elapsed="5.756233"/>
</kw>
<kw name="Set Suite Variable" owner="BuiltIn">
<msg time="2025-07-11T14:52:36.548941" level="INFO">${_CURRENT_BROWSER_USER_DATA_DIR} = /tmp/chrome_profiles/NORM_d8dbf93a01bd4583b5ed4e4b89253854</msg>
<arg>${_CURRENT_BROWSER_USER_DATA_DIR}</arg>
<arg>${profile_dir}</arg>
<doc>Makes a variable available everywhere within the scope of the current suite.</doc>
<status status="PASS" start="2025-07-11T14:52:36.548941" elapsed="0.000000"/>
</kw>
<arg>https://app-dev.taskhuman.com/login</arg>
<arg>NORM</arg>
<status status="PASS" start="2025-07-11T14:52:30.791584" elapsed="5.757357"/>
</kw>
<kw name="Maximize Browser Window" owner="SeleniumLibrary">
<doc>Maximizes current browser window.</doc>
<status status="PASS" start="2025-07-11T14:52:36.549952" elapsed="0.054039"/>
</kw>
<kw name="Wait Until Element Is Visible" owner="SeleniumLibrary">
<arg>xpath=//div[@class='Login-module__signup-text css-0']</arg>
<arg>10s</arg>
<doc>Waits until the element ``locator`` is visible.</doc>
<status status="PASS" start="2025-07-11T14:52:36.606001" elapsed="2.485167"/>
</kw>
<kw name="Sleep" owner="BuiltIn">
<msg time="2025-07-11T14:52:42.092536" level="INFO">Slept 3 seconds.</msg>
<arg>3s</arg>
<doc>Pauses the test executed for the given time.</doc>
<status status="PASS" start="2025-07-11T14:52:39.091168" elapsed="3.001368"/>
</kw>
<kw name="Click Element" owner="SeleniumLibrary">
<msg time="2025-07-11T14:52:42.092536" level="INFO">Clicking element 'xpath=//div[@class='Login-module__signup-text css-0']'.</msg>
<arg>xpath=//div[@class='Login-module__signup-text css-0']</arg>
<doc>Click the element identified by ``locator``.</doc>
<status status="PASS" start="2025-07-11T14:52:42.092536" elapsed="0.106464"/>
</kw>
<kw name="Sleep" owner="BuiltIn">
<msg time="2025-07-11T14:52:45.200412" level="INFO">Slept 3 seconds.</msg>
<arg>3s</arg>
<doc>Pauses the test executed for the given time.</doc>
<status status="PASS" start="2025-07-11T14:52:42.200005" elapsed="3.000407"/>
</kw>
<kw name="Wait Until Element Is Visible" owner="SeleniumLibrary">
<arg>xpath=//input[@name='email']</arg>
<arg>8s</arg>
<doc>Waits until the element ``locator`` is visible.</doc>
<status status="PASS" start="2025-07-11T14:52:45.200412" elapsed="0.015649"/>
</kw>
<kw name="Sleep" owner="BuiltIn">
<msg time="2025-07-11T14:52:48.216587" level="INFO">Slept 3 seconds.</msg>
<arg>3s</arg>
<doc>Pauses the test executed for the given time.</doc>
<status status="PASS" start="2025-07-11T14:52:45.216061" elapsed="3.000526"/>
</kw>
<kw name="Input Text" owner="SeleniumLibrary">
<msg time="2025-07-11T14:52:48.217610" level="INFO">Typing text 'raghuram.m+rc1@taskhuman.com' into text field 'xpath=//input[@name='email']'.</msg>
<arg>xpath=//input[@name='email']</arg>
<arg>${email}</arg>
<doc>Types the given ``text`` into the text field identified by ``locator``.</doc>
<status status="PASS" start="2025-07-11T14:52:48.217610" elapsed="0.202453"/>
</kw>
<kw name="Input Text" owner="SeleniumLibrary">
<msg time="2025-07-11T14:52:48.421066" level="INFO">Typing text 'asdfgh@12345Q' into text field 'xpath=//input[@name='password']'.</msg>
<arg>xpath=//input[@name='password']</arg>
<arg>${Password}</arg>
<doc>Types the given ``text`` into the text field identified by ``locator``.</doc>
<status status="PASS" start="2025-07-11T14:52:48.421066" elapsed="0.135136"/>
</kw>
<kw name="Click Element" owner="SeleniumLibrary">
<msg time="2025-07-11T14:52:48.558208" level="INFO">Clicking element 'xpath=//button[@value='submit']'.</msg>
<arg>xpath=//button[@value='submit']</arg>
<doc>Click the element identified by ``locator``.</doc>
<status status="PASS" start="2025-07-11T14:52:48.556202" elapsed="0.061564"/>
</kw>
<kw name="Sleep" owner="BuiltIn">
<msg time="2025-07-11T14:52:50.620777" level="INFO">Slept 2 seconds.</msg>
<arg>2s</arg>
<doc>Pauses the test executed for the given time.</doc>
<status status="PASS" start="2025-07-11T14:52:48.618908" elapsed="2.001869"/>
</kw>
<status status="PASS" start="2025-07-11T14:52:30.791584" elapsed="19.830252"/>
</test>
<test id="s1-s1-s1-t2" name="Check months are scrollable left to right and vice versa" line="27">
<kw name="Go To" owner="SeleniumLibrary">
<msg time="2025-07-11T14:52:50.625774" level="INFO">Opening url 'https://app-dev.taskhuman.com/profile/5466'</msg>
<arg>https://app-dev.taskhuman.com/profile/5466</arg>
<doc>Navigates the current browser window to the provided ``url``.</doc>
<status status="PASS" start="2025-07-11T14:52:50.625774" elapsed="1.972220"/>
</kw>
<kw name="Sleep" owner="BuiltIn">
<msg time="2025-07-11T14:52:54.599362" level="INFO">Slept 2 seconds.</msg>
<arg>2s</arg>
<doc>Pauses the test executed for the given time.</doc>
<status status="PASS" start="2025-07-11T14:52:52.598996" elapsed="2.000366"/>
</kw>
<kw name="Wait Until Element Is Visible" owner="SeleniumLibrary">
<arg>xpath=//div[@data-testid="availability"]</arg>
<arg>10s</arg>
<doc>Waits until the element ``locator`` is visible.</doc>
<status status="PASS" start="2025-07-11T14:52:54.602592" elapsed="2.002408"/>
</kw>
<kw name="Click Element" owner="SeleniumLibrary">
<msg time="2025-07-11T14:52:56.606001" level="INFO">Clicking element 'xpath=//div[@data-testid="availability"]'.</msg>
<arg>xpath=//div[@data-testid="availability"]</arg>
<doc>Click the element identified by ``locator``.</doc>
<status status="PASS" start="2025-07-11T14:52:56.606001" elapsed="0.144844"/>
</kw>
<kw name="Sleep" owner="BuiltIn">
<msg time="2025-07-11T14:53:00.752082" level="INFO">Slept 4 seconds.</msg>
<arg>4s</arg>
<doc>Pauses the test executed for the given time.</doc>
<status status="PASS" start="2025-07-11T14:52:56.751212" elapsed="4.000870"/>
</kw>
<kw name="Wait Until Element Is Visible" owner="SeleniumLibrary">
<msg time="2025-07-11T14:53:17.927841" level="WARN">Keyword 'Capture Page Screenshot' could not be run on failure: Message: invalid session id
Stacktrace:
	GetHandleVerifier [0x0x7ff6d5156f75+76917]
	GetHandleVerifier [0x0x7ff6d5156fd0+77008]
	(No symbol) [0x0x7ff6d4f09c1c]
	(No symbol) [0x0x7ff6d4f5055f]
	(No symbol) [0x0x7ff6d4f88332]
	(No symbol) [0x0x7ff6d4f82e53]
	(No symbol) [0x0x7ff6d4f81f19]
	(No symbol) [0x0x7ff6d4ed4b05]
	GetHandleVerifier [0x0x7ff6d542d2ad+3051437]
	GetHandleVerifier [0x0x7ff6d5427903+3028483]
	GetHandleVerifier [0x0x7ff6d544589d+3151261]
	GetHandleVerifier [0x0x7ff6d517183e+185662]
	GetHandleVerifier [0x0x7ff6d51796ff+218111]
	(No symbol) [0x0x7ff6d4ed3b00]
	GetHandleVerifier [0x0x7ff6d5545f18+4201496]
	BaseThreadInitThunk [0x0x7ffcc5abe8d7+23]
	RtlUserThreadStart [0x0x7ffcc7bbc34c+44]
</msg>
<msg time="2025-07-11T14:53:17.928850" level="FAIL">InvalidSessionIdException: Message: invalid session id: session deleted as the browser has closed the connection
from disconnected: not connected to DevTools
  (Session info: chrome=138.0.7204.101)
Stacktrace:
	GetHandleVerifier [0x0x7ff6d5156f75+76917]
	GetHandleVerifier [0x0x7ff6d5156fd0+77008]
	(No symbol) [0x0x7ff6d4f09dea]
	(No symbol) [0x0x7ff6d4ef5f15]
	(No symbol) [0x0x7ff6d4f1abf4]
	(No symbol) [0x0x7ff6d4f8fa85]
	(No symbol) [0x0x7ff6d4faff72]
	(No symbol) [0x0x7ff6d4f88243]
	(No symbol) [0x0x7ff6d4f51431]
	(No symbol) [0x0x7ff6d4f521c3]
	GetHandleVerifier [0x0x7ff6d542d2ad+3051437]
	GetHandleVerifier [0x0x7ff6d5427903+3028483]
	GetHandleVerifier [0x0x7ff6d544589d+3151261]
	GetHandleVerifier [0x0x7ff6d517183e+185662]
	GetHandleVerifier [0x0x7ff6d51796ff+218111]
	GetHandleVerifier [0x0x7ff6d515faf4+112628]
	GetHandleVerifier [0x0x7ff6d515fca9+113065]
	GetHandleVerifier [0x0x7ff6d5146c78+10616]
	BaseThreadInitThunk [0x0x7ffcc5abe8d7+23]
	RtlUserThreadStart [0x0x7ffcc7bbc34c+44]
</msg>
<arg>xpath=(//div[contains(@class, 'Calendar-module__calendar_day_number css-0')])[2]</arg>
<arg>30s</arg>
<doc>Waits until the element ``locator`` is visible.</doc>
<status status="FAIL" start="2025-07-11T14:53:00.753387" elapsed="17.180293">InvalidSessionIdException: Message: invalid session id: session deleted as the browser has closed the connection
from disconnected: not connected to DevTools
  (Session info: chrome=138.0.7204.101)
Stacktrace:
	GetHandleVerifier [0x0x7ff6d5156f75+76917]
	GetHandleVerifier [0x0x7ff6d5156fd0+77008]
	(No symbol) [0x0x7ff6d4f09dea]
	(No symbol) [0x0x7ff6d4ef5f15]
	(No symbol) [0x0x7ff6d4f1abf4]
	(No symbol) [0x0x7ff6d4f8fa85]
	(No symbol) [0x0x7ff6d4faff72]
	(No symbol) [0x0x7ff6d4f88243]
	(No symbol) [0x0x7ff6d4f51431]
	(No symbol) [0x0x7ff6d4f521c3]
	GetHandleVerifier [0x0x7ff6d542d2ad+3051437]
	GetHandleVerifier [0x0x7ff6d5427903+3028483]
	GetHandleVerifier [0x0x7ff6d544589d+3151261]
	GetHandleVerifier [0x0x7ff6d517183e+185662]
	GetHandleVerifier [0x0x7ff6d51796ff+218111]
	GetHandleVerifier [0x0x7ff6d515faf4+112628]
	GetHandleVerifier [0x0x7ff6d515fca9+113065]
	GetHandleVerifier [0x0x7ff6d5146c78+10616]
	BaseThreadInitThunk [0x0x7ffcc5abe8d7+23]
	RtlUserThreadStart [0x0x7ffcc7bbc34c+44]
</status>
</kw>
<kw name="Click Element" owner="SeleniumLibrary">
<arg>xpath=(//div[contains(@class, 'Calendar-module__calendar_day_number css-0')])[2]</arg>
<doc>Click the element identified by ``locator``.</doc>
<status status="NOT RUN" start="2025-07-11T14:53:17.934196" elapsed="0.000000"/>
</kw>
<kw name="Sleep" owner="BuiltIn">
<arg>2s</arg>
<doc>Pauses the test executed for the given time.</doc>
<status status="NOT RUN" start="2025-07-11T14:53:17.934196" elapsed="0.000000"/>
</kw>
<kw name="Wait Until Element Is Visible" owner="SeleniumLibrary">
<arg>xpath=(//div[contains(@class, 'Calendar-module__calendar_day_number css-0')])[last()-1]</arg>
<arg>30s</arg>
<doc>Waits until the element ``locator`` is visible.</doc>
<status status="NOT RUN" start="2025-07-11T14:53:17.934196" elapsed="0.000000"/>
</kw>
<kw name="Click Element" owner="SeleniumLibrary">
<arg>xpath=(//div[contains(@class, 'Calendar-module__calendar_day_number css-0')])[last()-1]</arg>
<doc>Click the element identified by ``locator``.</doc>
<status status="NOT RUN" start="2025-07-11T14:53:17.934196" elapsed="0.000000"/>
</kw>
<kw name="Sleep" owner="BuiltIn">
<arg>2s</arg>
<doc>Pauses the test executed for the given time.</doc>
<status status="NOT RUN" start="2025-07-11T14:53:17.934196" elapsed="0.000000"/>
</kw>
<status status="FAIL" start="2025-07-11T14:52:50.624775" elapsed="27.309421">InvalidSessionIdException: Message: invalid session id: session deleted as the browser has closed the connection
from disconnected: not connected to DevTools
  (Session info: chrome=138.0.7204.101)
Stacktrace:
	GetHandleVerifier [0x0x7ff6d5156f75+76917]
	GetHandleVerifier [0x0x7ff6d5156fd0+77008]
	(No symbol) [0x0x7ff6d4f09dea]
	(No symbol) [0x0x7ff6d4ef5f15]
	(No symbol) [0x0x7ff6d4f1abf4]
	(No symbol) [0x0x7ff6d4f8fa85]
	(No symbol) [0x0x7ff6d4faff72]
	(No symbol) [0x0x7ff6d4f88243]
	(No symbol) [0x0x7ff6d4f51431]
	(No symbol) [0x0x7ff6d4f521c3]
	GetHandleVerifier [0x0x7ff6d542d2ad+3051437]
	GetHandleVerifier [0x0x7ff6d5427903+3028483]
	GetHandleVerifier [0x0x7ff6d544589d+3151261]
	GetHandleVerifier [0x0x7ff6d517183e+185662]
	GetHandleVerifier [0x0x7ff6d51796ff+218111]
	GetHandleVerifier [0x0x7ff6d515faf4+112628]
	GetHandleVerifier [0x0x7ff6d515fca9+113065]
	GetHandleVerifier [0x0x7ff6d5146c78+10616]
	BaseThreadInitThunk [0x0x7ffcc5abe8d7+23]
	RtlUserThreadStart [0x0x7ffcc7bbc34c+44]
</status>
</test>
<test id="s1-s1-s1-t3" name="Check if available date tapped/selected by consumer should show available time slots" line="58">
<kw name="Wait Until Page Contains Element" owner="SeleniumLibrary">
<msg time="2025-07-11T14:53:17.964643" level="WARN">Keyword 'Capture Page Screenshot' could not be run on failure: Message: invalid session id
Stacktrace:
	GetHandleVerifier [0x0x7ff6d5156f75+76917]
	GetHandleVerifier [0x0x7ff6d5156fd0+77008]
	(No symbol) [0x0x7ff6d4f09c1c]
	(No symbol) [0x0x7ff6d4f5055f]
	(No symbol) [0x0x7ff6d4f88332]
	(No symbol) [0x0x7ff6d4f82e53]
	(No symbol) [0x0x7ff6d4f81f19]
	(No symbol) [0x0x7ff6d4ed4b05]
	GetHandleVerifier [0x0x7ff6d542d2ad+3051437]
	GetHandleVerifier [0x0x7ff6d5427903+3028483]
	GetHandleVerifier [0x0x7ff6d544589d+3151261]
	GetHandleVerifier [0x0x7ff6d517183e+185662]
	GetHandleVerifier [0x0x7ff6d51796ff+218111]
	(No symbol) [0x0x7ff6d4ed3b00]
	GetHandleVerifier [0x0x7ff6d5545f18+4201496]
	BaseThreadInitThunk [0x0x7ffcc5abe8d7+23]
	RtlUserThreadStart [0x0x7ffcc7bbc34c+44]
</msg>
<msg time="2025-07-11T14:53:17.966408" level="FAIL">InvalidSessionIdException: Message: invalid session id
Stacktrace:
	GetHandleVerifier [0x0x7ff6d5156f75+76917]
	GetHandleVerifier [0x0x7ff6d5156fd0+77008]
	(No symbol) [0x0x7ff6d4f09c1c]
	(No symbol) [0x0x7ff6d4f5055f]
	(No symbol) [0x0x7ff6d4f88332]
	(No symbol) [0x0x7ff6d4f82e53]
	(No symbol) [0x0x7ff6d4f81f19]
	(No symbol) [0x0x7ff6d4ed4b05]
	GetHandleVerifier [0x0x7ff6d542d2ad+3051437]
	GetHandleVerifier [0x0x7ff6d5427903+3028483]
	GetHandleVerifier [0x0x7ff6d544589d+3151261]
	GetHandleVerifier [0x0x7ff6d517183e+185662]
	GetHandleVerifier [0x0x7ff6d51796ff+218111]
	(No symbol) [0x0x7ff6d4ed3b00]
	GetHandleVerifier [0x0x7ff6d5545f18+4201496]
	BaseThreadInitThunk [0x0x7ffcc5abe8d7+23]
	RtlUserThreadStart [0x0x7ffcc7bbc34c+44]
</msg>
<arg>xpath://div[contains(@class, 'AvailabiltyTab-module__Booking--Availability__Tag css-0')]</arg>
<arg>3s</arg>
<doc>Waits until the element ``locator`` appears on the current page.</doc>
<status status="FAIL" start="2025-07-11T14:53:17.934196" elapsed="0.033251">InvalidSessionIdException: Message: invalid session id
Stacktrace:
	GetHandleVerifier [0x0x7ff6d5156f75+76917]
	GetHandleVerifier [0x0x7ff6d5156fd0+77008]
	(No symbol) [0x0x7ff6d4f09c1c]
	(No symbol) [0x0x7ff6d4f5055f]
	(No symbol) [0x0x7ff6d4f88332]
	(No symbol) [0x0x7ff6d4f82e53]
	(No symbol) [0x0x7ff6d4f81f19]
	(No symbol) [0x0x7ff6d4ed4b05]
	GetHandleVerifier [0x0x7ff6d542d2ad+3051437]
	GetHandleVerifier [0x0x7ff6d5427903+3028483]
	GetHandleVerifier [0x0x7ff6d544589d+3151261]
	GetHandleVerifier [0x0x7ff6d517183e+185662]
	GetHandleVerifier [0x0x7ff6d51796ff+218111]
	(No symbol) [0x0x7ff6d4ed3b00]
	GetHandleVerifier [0x0x7ff6d5545f18+4201496]
	BaseThreadInitThunk [0x0x7ffcc5abe8d7+23]
	RtlUserThreadStart [0x0x7ffcc7bbc34c+44]
</status>
</kw>
<kw name="Click Element" owner="SeleniumLibrary">
<arg>xpath://div[contains(@class, 'AvailabiltyTab-module__Booking--Availability__Tag css-0')]</arg>
<doc>Click the element identified by ``locator``.</doc>
<status status="NOT RUN" start="2025-07-11T14:53:17.967447" elapsed="0.000000"/>
</kw>
<kw name="Sleep" owner="BuiltIn">
<arg>2s</arg>
<doc>Pauses the test executed for the given time.</doc>
<status status="NOT RUN" start="2025-07-11T14:53:17.968461" elapsed="0.000000"/>
</kw>
<status status="FAIL" start="2025-07-11T14:53:17.934196" elapsed="0.034265">InvalidSessionIdException: Message: invalid session id
Stacktrace:
	GetHandleVerifier [0x0x7ff6d5156f75+76917]
	GetHandleVerifier [0x0x7ff6d5156fd0+77008]
	(No symbol) [0x0x7ff6d4f09c1c]
	(No symbol) [0x0x7ff6d4f5055f]
	(No symbol) [0x0x7ff6d4f88332]
	(No symbol) [0x0x7ff6d4f82e53]
	(No symbol) [0x0x7ff6d4f81f19]
	(No symbol) [0x0x7ff6d4ed4b05]
	GetHandleVerifier [0x0x7ff6d542d2ad+3051437]
	GetHandleVerifier [0x0x7ff6d5427903+3028483]
	GetHandleVerifier [0x0x7ff6d544589d+3151261]
	GetHandleVerifier [0x0x7ff6d517183e+185662]
	GetHandleVerifier [0x0x7ff6d51796ff+218111]
	(No symbol) [0x0x7ff6d4ed3b00]
	GetHandleVerifier [0x0x7ff6d5545f18+4201496]
	BaseThreadInitThunk [0x0x7ffcc5abe8d7+23]
	RtlUserThreadStart [0x0x7ffcc7bbc34c+44]
</status>
</test>
<test id="s1-s1-s1-t4" name="Check if time slot clicked offering option to book a call" line="62">
<kw name="Wait Until Page Contains Element" owner="SeleniumLibrary">
<msg time="2025-07-11T14:53:17.982992" level="WARN">Keyword 'Capture Page Screenshot' could not be run on failure: Message: invalid session id
Stacktrace:
	GetHandleVerifier [0x0x7ff6d5156f75+76917]
	GetHandleVerifier [0x0x7ff6d5156fd0+77008]
	(No symbol) [0x0x7ff6d4f09c1c]
	(No symbol) [0x0x7ff6d4f5055f]
	(No symbol) [0x0x7ff6d4f88332]
	(No symbol) [0x0x7ff6d4f82e53]
	(No symbol) [0x0x7ff6d4f81f19]
	(No symbol) [0x0x7ff6d4ed4b05]
	GetHandleVerifier [0x0x7ff6d542d2ad+3051437]
	GetHandleVerifier [0x0x7ff6d5427903+3028483]
	GetHandleVerifier [0x0x7ff6d544589d+3151261]
	GetHandleVerifier [0x0x7ff6d517183e+185662]
	GetHandleVerifier [0x0x7ff6d51796ff+218111]
	(No symbol) [0x0x7ff6d4ed3b00]
	GetHandleVerifier [0x0x7ff6d5545f18+4201496]
	BaseThreadInitThunk [0x0x7ffcc5abe8d7+23]
	RtlUserThreadStart [0x0x7ffcc7bbc34c+44]
</msg>
<msg time="2025-07-11T14:53:17.982992" level="FAIL">InvalidSessionIdException: Message: invalid session id
Stacktrace:
	GetHandleVerifier [0x0x7ff6d5156f75+76917]
	GetHandleVerifier [0x0x7ff6d5156fd0+77008]
	(No symbol) [0x0x7ff6d4f09c1c]
	(No symbol) [0x0x7ff6d4f5055f]
	(No symbol) [0x0x7ff6d4f88332]
	(No symbol) [0x0x7ff6d4f82e53]
	(No symbol) [0x0x7ff6d4f81f19]
	(No symbol) [0x0x7ff6d4ed4b05]
	GetHandleVerifier [0x0x7ff6d542d2ad+3051437]
	GetHandleVerifier [0x0x7ff6d5427903+3028483]
	GetHandleVerifier [0x0x7ff6d544589d+3151261]
	GetHandleVerifier [0x0x7ff6d517183e+185662]
	GetHandleVerifier [0x0x7ff6d51796ff+218111]
	(No symbol) [0x0x7ff6d4ed3b00]
	GetHandleVerifier [0x0x7ff6d5545f18+4201496]
	BaseThreadInitThunk [0x0x7ffcc5abe8d7+23]
	RtlUserThreadStart [0x0x7ffcc7bbc34c+44]
</msg>
<arg>xpath://*[text()='Select a Topic']</arg>
<arg>4s</arg>
<doc>Waits until the element ``locator`` appears on the current page.</doc>
<status status="FAIL" start="2025-07-11T14:53:17.969469" elapsed="0.013523">InvalidSessionIdException: Message: invalid session id
Stacktrace:
	GetHandleVerifier [0x0x7ff6d5156f75+76917]
	GetHandleVerifier [0x0x7ff6d5156fd0+77008]
	(No symbol) [0x0x7ff6d4f09c1c]
	(No symbol) [0x0x7ff6d4f5055f]
	(No symbol) [0x0x7ff6d4f88332]
	(No symbol) [0x0x7ff6d4f82e53]
	(No symbol) [0x0x7ff6d4f81f19]
	(No symbol) [0x0x7ff6d4ed4b05]
	GetHandleVerifier [0x0x7ff6d542d2ad+3051437]
	GetHandleVerifier [0x0x7ff6d5427903+3028483]
	GetHandleVerifier [0x0x7ff6d544589d+3151261]
	GetHandleVerifier [0x0x7ff6d517183e+185662]
	GetHandleVerifier [0x0x7ff6d51796ff+218111]
	(No symbol) [0x0x7ff6d4ed3b00]
	GetHandleVerifier [0x0x7ff6d5545f18+4201496]
	BaseThreadInitThunk [0x0x7ffcc5abe8d7+23]
	RtlUserThreadStart [0x0x7ffcc7bbc34c+44]
</status>
</kw>
<kw name="Sleep" owner="BuiltIn">
<arg>2s</arg>
<doc>Pauses the test executed for the given time.</doc>
<status status="NOT RUN" start="2025-07-11T14:53:17.982992" elapsed="0.000000"/>
</kw>
<status status="FAIL" start="2025-07-11T14:53:17.969469" elapsed="0.013523">InvalidSessionIdException: Message: invalid session id
Stacktrace:
	GetHandleVerifier [0x0x7ff6d5156f75+76917]
	GetHandleVerifier [0x0x7ff6d5156fd0+77008]
	(No symbol) [0x0x7ff6d4f09c1c]
	(No symbol) [0x0x7ff6d4f5055f]
	(No symbol) [0x0x7ff6d4f88332]
	(No symbol) [0x0x7ff6d4f82e53]
	(No symbol) [0x0x7ff6d4f81f19]
	(No symbol) [0x0x7ff6d4ed4b05]
	GetHandleVerifier [0x0x7ff6d542d2ad+3051437]
	GetHandleVerifier [0x0x7ff6d5427903+3028483]
	GetHandleVerifier [0x0x7ff6d544589d+3151261]
	GetHandleVerifier [0x0x7ff6d517183e+185662]
	GetHandleVerifier [0x0x7ff6d51796ff+218111]
	(No symbol) [0x0x7ff6d4ed3b00]
	GetHandleVerifier [0x0x7ff6d5545f18+4201496]
	BaseThreadInitThunk [0x0x7ffcc5abe8d7+23]
	RtlUserThreadStart [0x0x7ffcc7bbc34c+44]
</status>
</test>
<test id="s1-s1-s1-t5" name="Check if call booked its showing animation under bookings with me" line="65">
<kw name="Wait Until Element Is Visible" owner="SeleniumLibrary">
<msg time="2025-07-11T14:53:18.013856" level="WARN">Keyword 'Capture Page Screenshot' could not be run on failure: Message: invalid session id
Stacktrace:
	GetHandleVerifier [0x0x7ff6d5156f75+76917]
	GetHandleVerifier [0x0x7ff6d5156fd0+77008]
	(No symbol) [0x0x7ff6d4f09c1c]
	(No symbol) [0x0x7ff6d4f5055f]
	(No symbol) [0x0x7ff6d4f88332]
	(No symbol) [0x0x7ff6d4f82e53]
	(No symbol) [0x0x7ff6d4f81f19]
	(No symbol) [0x0x7ff6d4ed4b05]
	GetHandleVerifier [0x0x7ff6d542d2ad+3051437]
	GetHandleVerifier [0x0x7ff6d5427903+3028483]
	GetHandleVerifier [0x0x7ff6d544589d+3151261]
	GetHandleVerifier [0x0x7ff6d517183e+185662]
	GetHandleVerifier [0x0x7ff6d51796ff+218111]
	(No symbol) [0x0x7ff6d4ed3b00]
	GetHandleVerifier [0x0x7ff6d5545f18+4201496]
	BaseThreadInitThunk [0x0x7ffcc5abe8d7+23]
	RtlUserThreadStart [0x0x7ffcc7bbc34c+44]
</msg>
<msg time="2025-07-11T14:53:18.016445" level="FAIL">InvalidSessionIdException: Message: invalid session id
Stacktrace:
	GetHandleVerifier [0x0x7ff6d5156f75+76917]
	GetHandleVerifier [0x0x7ff6d5156fd0+77008]
	(No symbol) [0x0x7ff6d4f09c1c]
	(No symbol) [0x0x7ff6d4f5055f]
	(No symbol) [0x0x7ff6d4f88332]
	(No symbol) [0x0x7ff6d4f82e53]
	(No symbol) [0x0x7ff6d4f81f19]
	(No symbol) [0x0x7ff6d4ed4b05]
	GetHandleVerifier [0x0x7ff6d542d2ad+3051437]
	GetHandleVerifier [0x0x7ff6d5427903+3028483]
	GetHandleVerifier [0x0x7ff6d544589d+3151261]
	GetHandleVerifier [0x0x7ff6d517183e+185662]
	GetHandleVerifier [0x0x7ff6d51796ff+218111]
	(No symbol) [0x0x7ff6d4ed3b00]
	GetHandleVerifier [0x0x7ff6d5545f18+4201496]
	BaseThreadInitThunk [0x0x7ffcc5abe8d7+23]
	RtlUserThreadStart [0x0x7ffcc7bbc34c+44]
</msg>
<arg>xpath=(//span[contains(@class, 'SkillsModalContent-module__SkillsList__Skill')])[1]</arg>
<arg>10s</arg>
<doc>Waits until the element ``locator`` is visible.</doc>
<status status="FAIL" start="2025-07-11T14:53:17.998172" elapsed="0.019560">InvalidSessionIdException: Message: invalid session id
Stacktrace:
	GetHandleVerifier [0x0x7ff6d5156f75+76917]
	GetHandleVerifier [0x0x7ff6d5156fd0+77008]
	(No symbol) [0x0x7ff6d4f09c1c]
	(No symbol) [0x0x7ff6d4f5055f]
	(No symbol) [0x0x7ff6d4f88332]
	(No symbol) [0x0x7ff6d4f82e53]
	(No symbol) [0x0x7ff6d4f81f19]
	(No symbol) [0x0x7ff6d4ed4b05]
	GetHandleVerifier [0x0x7ff6d542d2ad+3051437]
	GetHandleVerifier [0x0x7ff6d5427903+3028483]
	GetHandleVerifier [0x0x7ff6d544589d+3151261]
	GetHandleVerifier [0x0x7ff6d517183e+185662]
	GetHandleVerifier [0x0x7ff6d51796ff+218111]
	(No symbol) [0x0x7ff6d4ed3b00]
	GetHandleVerifier [0x0x7ff6d5545f18+4201496]
	BaseThreadInitThunk [0x0x7ffcc5abe8d7+23]
	RtlUserThreadStart [0x0x7ffcc7bbc34c+44]
</status>
</kw>
<kw name="Click Element" owner="SeleniumLibrary">
<arg>xpath=(//span[contains(@class, 'SkillsModalContent-module__SkillsList__Skill')])[1]</arg>
<doc>Click the element identified by ``locator``.</doc>
<status status="NOT RUN" start="2025-07-11T14:53:18.018730" elapsed="0.000000"/>
</kw>
<kw name="Wait Until Page Contains Element" owner="SeleniumLibrary">
<arg>xpath://*[text()='Next']</arg>
<arg>10s</arg>
<doc>Waits until the element ``locator`` appears on the current page.</doc>
<status status="NOT RUN" start="2025-07-11T14:53:18.018730" elapsed="0.000000"/>
</kw>
<kw name="Click Element" owner="SeleniumLibrary">
<arg>xpath://*[text()='Next']</arg>
<doc>Click the element identified by ``locator``.</doc>
<status status="NOT RUN" start="2025-07-11T14:53:18.019822" elapsed="0.000000"/>
</kw>
<kw name="Wait Until Page Contains Element" owner="SeleniumLibrary">
<arg>xpath://*[text()='Verify Session']</arg>
<arg>10s</arg>
<doc>Waits until the element ``locator`` appears on the current page.</doc>
<status status="NOT RUN" start="2025-07-11T14:53:18.019822" elapsed="0.000000"/>
</kw>
<kw name="Click Element" owner="SeleniumLibrary">
<arg>xpath://*[text()='Verify Session']</arg>
<doc>Click the element identified by ``locator``.</doc>
<status status="NOT RUN" start="2025-07-11T14:53:18.020828" elapsed="0.000000"/>
</kw>
<kw name="Wait Until Page Contains Element" owner="SeleniumLibrary">
<arg>xpath://*[text()='Book Session']</arg>
<arg>10s</arg>
<doc>Waits until the element ``locator`` appears on the current page.</doc>
<status status="NOT RUN" start="2025-07-11T14:53:18.020828" elapsed="0.000000"/>
</kw>
<kw name="Click Element" owner="SeleniumLibrary">
<arg>xpath://*[text()='Book Session']</arg>
<doc>Click the element identified by ``locator``.</doc>
<status status="NOT RUN" start="2025-07-11T14:53:18.020828" elapsed="0.000000"/>
</kw>
<kw name="Wait Until Element Is Visible" owner="SeleniumLibrary">
<arg>xpath=//button[@data-testid='got_it_btn']</arg>
<arg>10s</arg>
<doc>Waits until the element ``locator`` is visible.</doc>
<status status="NOT RUN" start="2025-07-11T14:53:18.022109" elapsed="0.000000"/>
</kw>
<kw name="Click Element" owner="SeleniumLibrary">
<arg>xpath=//button[@data-testid='got_it_btn']</arg>
<doc>Click the element identified by ``locator``.</doc>
<status status="NOT RUN" start="2025-07-11T14:53:18.022109" elapsed="0.000000"/>
</kw>
<status status="FAIL" start="2025-07-11T14:53:17.998172" elapsed="0.025230">InvalidSessionIdException: Message: invalid session id
Stacktrace:
	GetHandleVerifier [0x0x7ff6d5156f75+76917]
	GetHandleVerifier [0x0x7ff6d5156fd0+77008]
	(No symbol) [0x0x7ff6d4f09c1c]
	(No symbol) [0x0x7ff6d4f5055f]
	(No symbol) [0x0x7ff6d4f88332]
	(No symbol) [0x0x7ff6d4f82e53]
	(No symbol) [0x0x7ff6d4f81f19]
	(No symbol) [0x0x7ff6d4ed4b05]
	GetHandleVerifier [0x0x7ff6d542d2ad+3051437]
	GetHandleVerifier [0x0x7ff6d5427903+3028483]
	GetHandleVerifier [0x0x7ff6d544589d+3151261]
	GetHandleVerifier [0x0x7ff6d517183e+185662]
	GetHandleVerifier [0x0x7ff6d51796ff+218111]
	(No symbol) [0x0x7ff6d4ed3b00]
	GetHandleVerifier [0x0x7ff6d5545f18+4201496]
	BaseThreadInitThunk [0x0x7ffcc5abe8d7+23]
	RtlUserThreadStart [0x0x7ffcc7bbc34c+44]
</status>
</test>
<test id="s1-s1-s1-t6" name="Checking if booking in Our bookings and delete" line="83">
<kw name="Wait Until Element Is Visible" owner="SeleniumLibrary">
<msg time="2025-07-11T14:53:18.050025" level="WARN">Keyword 'Capture Page Screenshot' could not be run on failure: Message: invalid session id
Stacktrace:
	GetHandleVerifier [0x0x7ff6d5156f75+76917]
	GetHandleVerifier [0x0x7ff6d5156fd0+77008]
	(No symbol) [0x0x7ff6d4f09c1c]
	(No symbol) [0x0x7ff6d4f5055f]
	(No symbol) [0x0x7ff6d4f88332]
	(No symbol) [0x0x7ff6d4f82e53]
	(No symbol) [0x0x7ff6d4f81f19]
	(No symbol) [0x0x7ff6d4ed4b05]
	GetHandleVerifier [0x0x7ff6d542d2ad+3051437]
	GetHandleVerifier [0x0x7ff6d5427903+3028483]
	GetHandleVerifier [0x0x7ff6d544589d+3151261]
	GetHandleVerifier [0x0x7ff6d517183e+185662]
	GetHandleVerifier [0x0x7ff6d51796ff+218111]
	(No symbol) [0x0x7ff6d4ed3b00]
	GetHandleVerifier [0x0x7ff6d5545f18+4201496]
	BaseThreadInitThunk [0x0x7ffcc5abe8d7+23]
	RtlUserThreadStart [0x0x7ffcc7bbc34c+44]
</msg>
<msg time="2025-07-11T14:53:18.052285" level="FAIL">InvalidSessionIdException: Message: invalid session id
Stacktrace:
	GetHandleVerifier [0x0x7ff6d5156f75+76917]
	GetHandleVerifier [0x0x7ff6d5156fd0+77008]
	(No symbol) [0x0x7ff6d4f09c1c]
	(No symbol) [0x0x7ff6d4f5055f]
	(No symbol) [0x0x7ff6d4f88332]
	(No symbol) [0x0x7ff6d4f82e53]
	(No symbol) [0x0x7ff6d4f81f19]
	(No symbol) [0x0x7ff6d4ed4b05]
	GetHandleVerifier [0x0x7ff6d542d2ad+3051437]
	GetHandleVerifier [0x0x7ff6d5427903+3028483]
	GetHandleVerifier [0x0x7ff6d544589d+3151261]
	GetHandleVerifier [0x0x7ff6d517183e+185662]
	GetHandleVerifier [0x0x7ff6d51796ff+218111]
	(No symbol) [0x0x7ff6d4ed3b00]
	GetHandleVerifier [0x0x7ff6d5545f18+4201496]
	BaseThreadInitThunk [0x0x7ffcc5abe8d7+23]
	RtlUserThreadStart [0x0x7ffcc7bbc34c+44]
</msg>
<arg>xpath=//div[@data-testid="bookings"]</arg>
<arg>10s</arg>
<doc>Waits until the element ``locator`` is visible.</doc>
<status status="FAIL" start="2025-07-11T14:53:18.024686" elapsed="0.030285">InvalidSessionIdException: Message: invalid session id
Stacktrace:
	GetHandleVerifier [0x0x7ff6d5156f75+76917]
	GetHandleVerifier [0x0x7ff6d5156fd0+77008]
	(No symbol) [0x0x7ff6d4f09c1c]
	(No symbol) [0x0x7ff6d4f5055f]
	(No symbol) [0x0x7ff6d4f88332]
	(No symbol) [0x0x7ff6d4f82e53]
	(No symbol) [0x0x7ff6d4f81f19]
	(No symbol) [0x0x7ff6d4ed4b05]
	GetHandleVerifier [0x0x7ff6d542d2ad+3051437]
	GetHandleVerifier [0x0x7ff6d5427903+3028483]
	GetHandleVerifier [0x0x7ff6d544589d+3151261]
	GetHandleVerifier [0x0x7ff6d517183e+185662]
	GetHandleVerifier [0x0x7ff6d51796ff+218111]
	(No symbol) [0x0x7ff6d4ed3b00]
	GetHandleVerifier [0x0x7ff6d5545f18+4201496]
	BaseThreadInitThunk [0x0x7ffcc5abe8d7+23]
	RtlUserThreadStart [0x0x7ffcc7bbc34c+44]
</status>
</kw>
<kw name="Click Element" owner="SeleniumLibrary">
<arg>xpath=//div[@data-testid="bookings"]</arg>
<doc>Click the element identified by ``locator``.</doc>
<status status="NOT RUN" start="2025-07-11T14:53:18.056064" elapsed="0.000000"/>
</kw>
<kw name="Wait Until Element Is Visible" owner="SeleniumLibrary">
<arg>xpath=(//div[contains(@class, "BookingCss-module__booking--card")])[1]//div[@data-testid="booking_delete_btn"]</arg>
<arg>10s</arg>
<doc>Waits until the element ``locator`` is visible.</doc>
<status status="NOT RUN" start="2025-07-11T14:53:18.056064" elapsed="0.000000"/>
</kw>
<kw name="Click Element" owner="SeleniumLibrary">
<arg>xpath=(//div[contains(@class, "BookingCss-module__booking--card")])[1]//div[@data-testid="booking_delete_btn"]</arg>
<doc>Click the element identified by ``locator``.</doc>
<status status="NOT RUN" start="2025-07-11T14:53:18.056064" elapsed="0.001104"/>
</kw>
<kw name="Sleep" owner="BuiltIn">
<arg>3s</arg>
<doc>Pauses the test executed for the given time.</doc>
<status status="NOT RUN" start="2025-07-11T14:53:18.057168" elapsed="0.000000"/>
</kw>
<kw name="Wait Until Page Contains Element" owner="SeleniumLibrary">
<arg>xpath://*[text()='Delete Session?']</arg>
<arg>10s</arg>
<doc>Waits until the element ``locator`` appears on the current page.</doc>
<status status="NOT RUN" start="2025-07-11T14:53:18.057168" elapsed="0.000000"/>
</kw>
<kw name="Wait Until Element Is Visible" owner="SeleniumLibrary">
<arg>xpath=//button[text()='Delete' and contains(@class, 'chakra-button') and contains(@class, 'css-s88bex')]</arg>
<arg>5s</arg>
<doc>Waits until the element ``locator`` is visible.</doc>
<status status="NOT RUN" start="2025-07-11T14:53:18.058259" elapsed="0.000000"/>
</kw>
<kw name="Click Element" owner="SeleniumLibrary">
<arg>xpath=//button[text()='Delete' and contains(@class, 'chakra-button') and contains(@class, 'css-s88bex')]</arg>
<doc>Click the element identified by ``locator``.</doc>
<status status="NOT RUN" start="2025-07-11T14:53:18.058259" elapsed="0.000000"/>
</kw>
<kw name="Sleep" owner="BuiltIn">
<arg>5s</arg>
<doc>Pauses the test executed for the given time.</doc>
<status status="NOT RUN" start="2025-07-11T14:53:18.058259" elapsed="0.000000"/>
</kw>
<status status="FAIL" start="2025-07-11T14:53:18.024686" elapsed="0.034666">InvalidSessionIdException: Message: invalid session id
Stacktrace:
	GetHandleVerifier [0x0x7ff6d5156f75+76917]
	GetHandleVerifier [0x0x7ff6d5156fd0+77008]
	(No symbol) [0x0x7ff6d4f09c1c]
	(No symbol) [0x0x7ff6d4f5055f]
	(No symbol) [0x0x7ff6d4f88332]
	(No symbol) [0x0x7ff6d4f82e53]
	(No symbol) [0x0x7ff6d4f81f19]
	(No symbol) [0x0x7ff6d4ed4b05]
	GetHandleVerifier [0x0x7ff6d542d2ad+3051437]
	GetHandleVerifier [0x0x7ff6d5427903+3028483]
	GetHandleVerifier [0x0x7ff6d544589d+3151261]
	GetHandleVerifier [0x0x7ff6d517183e+185662]
	GetHandleVerifier [0x0x7ff6d51796ff+218111]
	(No symbol) [0x0x7ff6d4ed3b00]
	GetHandleVerifier [0x0x7ff6d5545f18+4201496]
	BaseThreadInitThunk [0x0x7ffcc5abe8d7+23]
	RtlUserThreadStart [0x0x7ffcc7bbc34c+44]
</status>
</test>
<test id="s1-s1-s1-t7" name="Goto Settings and logout as consumer" line="99">
<kw name="Go To" owner="SeleniumLibrary">
<msg time="2025-07-11T14:53:18.061495" level="INFO">Opening url 'https://app-dev.taskhuman.com/settings'</msg>
<msg time="2025-07-11T14:53:18.099780" level="WARN">Keyword 'Capture Page Screenshot' could not be run on failure: Message: invalid session id
Stacktrace:
	GetHandleVerifier [0x0x7ff6d5156f75+76917]
	GetHandleVerifier [0x0x7ff6d5156fd0+77008]
	(No symbol) [0x0x7ff6d4f09c1c]
	(No symbol) [0x0x7ff6d4f5055f]
	(No symbol) [0x0x7ff6d4f88332]
	(No symbol) [0x0x7ff6d4f82e53]
	(No symbol) [0x0x7ff6d4f81f19]
	(No symbol) [0x0x7ff6d4ed4b05]
	GetHandleVerifier [0x0x7ff6d542d2ad+3051437]
	GetHandleVerifier [0x0x7ff6d5427903+3028483]
	GetHandleVerifier [0x0x7ff6d544589d+3151261]
	GetHandleVerifier [0x0x7ff6d517183e+185662]
	GetHandleVerifier [0x0x7ff6d51796ff+218111]
	(No symbol) [0x0x7ff6d4ed3b00]
	GetHandleVerifier [0x0x7ff6d5545f18+4201496]
	BaseThreadInitThunk [0x0x7ffcc5abe8d7+23]
	RtlUserThreadStart [0x0x7ffcc7bbc34c+44]
</msg>
<msg time="2025-07-11T14:53:18.100856" level="FAIL">InvalidSessionIdException: Message: invalid session id
Stacktrace:
	GetHandleVerifier [0x0x7ff6d5156f75+76917]
	GetHandleVerifier [0x0x7ff6d5156fd0+77008]
	(No symbol) [0x0x7ff6d4f09c1c]
	(No symbol) [0x0x7ff6d4f5055f]
	(No symbol) [0x0x7ff6d4f88332]
	(No symbol) [0x0x7ff6d4f82e53]
	(No symbol) [0x0x7ff6d4f81f19]
	(No symbol) [0x0x7ff6d4ed4b05]
	GetHandleVerifier [0x0x7ff6d542d2ad+3051437]
	GetHandleVerifier [0x0x7ff6d5427903+3028483]
	GetHandleVerifier [0x0x7ff6d544589d+3151261]
	GetHandleVerifier [0x0x7ff6d517183e+185662]
	GetHandleVerifier [0x0x7ff6d51796ff+218111]
	(No symbol) [0x0x7ff6d4ed3b00]
	GetHandleVerifier [0x0x7ff6d5545f18+4201496]
	BaseThreadInitThunk [0x0x7ffcc5abe8d7+23]
	RtlUserThreadStart [0x0x7ffcc7bbc34c+44]
</msg>
<arg>https://app-dev.taskhuman.com/settings</arg>
<doc>Navigates the current browser window to the provided ``url``.</doc>
<status status="FAIL" start="2025-07-11T14:53:18.061495" elapsed="0.040388">InvalidSessionIdException: Message: invalid session id
Stacktrace:
	GetHandleVerifier [0x0x7ff6d5156f75+76917]
	GetHandleVerifier [0x0x7ff6d5156fd0+77008]
	(No symbol) [0x0x7ff6d4f09c1c]
	(No symbol) [0x0x7ff6d4f5055f]
	(No symbol) [0x0x7ff6d4f88332]
	(No symbol) [0x0x7ff6d4f82e53]
	(No symbol) [0x0x7ff6d4f81f19]
	(No symbol) [0x0x7ff6d4ed4b05]
	GetHandleVerifier [0x0x7ff6d542d2ad+3051437]
	GetHandleVerifier [0x0x7ff6d5427903+3028483]
	GetHandleVerifier [0x0x7ff6d544589d+3151261]
	GetHandleVerifier [0x0x7ff6d517183e+185662]
	GetHandleVerifier [0x0x7ff6d51796ff+218111]
	(No symbol) [0x0x7ff6d4ed3b00]
	GetHandleVerifier [0x0x7ff6d5545f18+4201496]
	BaseThreadInitThunk [0x0x7ffcc5abe8d7+23]
	RtlUserThreadStart [0x0x7ffcc7bbc34c+44]
</status>
</kw>
<kw name="Wait Until Page Contains Element" owner="SeleniumLibrary">
<arg>xpath=//div[@data-testid="logout_btn"]</arg>
<arg>10s</arg>
<doc>Waits until the element ``locator`` appears on the current page.</doc>
<status status="NOT RUN" start="2025-07-11T14:53:18.102888" elapsed="0.000000"/>
</kw>
<kw name="Click Element" owner="SeleniumLibrary">
<arg>xpath=//div[@data-testid="logout_btn"]</arg>
<doc>Click the element identified by ``locator``.</doc>
<status status="NOT RUN" start="2025-07-11T14:53:18.102888" elapsed="0.000000"/>
</kw>
<kw name="Sleep" owner="BuiltIn">
<arg>3s</arg>
<doc>Pauses the test executed for the given time.</doc>
<status status="NOT RUN" start="2025-07-11T14:53:18.102888" elapsed="0.000000"/>
</kw>
<kw name="Wait Until Page Contains Element" owner="SeleniumLibrary">
<arg>xpath=//div[@data-testid='confirm_btn']</arg>
<arg>10s</arg>
<doc>Waits until the element ``locator`` appears on the current page.</doc>
<status status="NOT RUN" start="2025-07-11T14:53:18.103891" elapsed="0.000000"/>
</kw>
<kw name="Click Element" owner="SeleniumLibrary">
<arg>xpath=//div[@data-testid='confirm_btn']</arg>
<doc>Click the element identified by ``locator``.</doc>
<status status="NOT RUN" start="2025-07-11T14:53:18.103891" elapsed="0.000000"/>
</kw>
<status status="FAIL" start="2025-07-11T14:53:18.060391" elapsed="0.043500">InvalidSessionIdException: Message: invalid session id
Stacktrace:
	GetHandleVerifier [0x0x7ff6d5156f75+76917]
	GetHandleVerifier [0x0x7ff6d5156fd0+77008]
	(No symbol) [0x0x7ff6d4f09c1c]
	(No symbol) [0x0x7ff6d4f5055f]
	(No symbol) [0x0x7ff6d4f88332]
	(No symbol) [0x0x7ff6d4f82e53]
	(No symbol) [0x0x7ff6d4f81f19]
	(No symbol) [0x0x7ff6d4ed4b05]
	GetHandleVerifier [0x0x7ff6d542d2ad+3051437]
	GetHandleVerifier [0x0x7ff6d5427903+3028483]
	GetHandleVerifier [0x0x7ff6d544589d+3151261]
	GetHandleVerifier [0x0x7ff6d517183e+185662]
	GetHandleVerifier [0x0x7ff6d51796ff+218111]
	(No symbol) [0x0x7ff6d4ed3b00]
	GetHandleVerifier [0x0x7ff6d5545f18+4201496]
	BaseThreadInitThunk [0x0x7ffcc5abe8d7+23]
	RtlUserThreadStart [0x0x7ffcc7bbc34c+44]
</status>
</test>
<kw name="Close All Browsers" owner="SeleniumLibrary" type="TEARDOWN">
<doc>Closes all open browsers and resets the browser cache.</doc>
<status status="PASS" start="2025-07-11T14:53:18.104908" elapsed="2.031307"/>
</kw>
<status status="FAIL" start="2025-07-11T14:52:30.635217" elapsed="49.500998"/>
</suite>
<status status="FAIL" start="2025-07-11T14:52:30.635217" elapsed="49.500998"/>
</suite>
<status status="FAIL" start="2025-07-11T14:52:30.604282" elapsed="49.531933"/>
</suite>
<statistics>
<total>
<stat pass="1" fail="6" skip="0">All Tests</stat>
</total>
<tag>
</tag>
<suite>
<stat pass="1" fail="6" skip="0" id="s1" name="RaghuProject01">RaghuProject01</stat>
<stat pass="1" fail="6" skip="0" id="s1-s1" name="CriticalFlows">RaghuProject01.CriticalFlows</stat>
<stat pass="1" fail="6" skip="0" id="s1-s1-s1" name="TC02 BookFromProviderAvailabiltyCalander">RaghuProject01.CriticalFlows.TC02 BookFromProviderAvailabiltyCalander</stat>
</suite>
</statistics>
<errors>
<msg time="2025-07-11T14:52:30.526648" level="WARN">Error in file 'C:\Users\Lenovo\PycharmProjects\RaghuProject01\Tests\A_sendemail.robot' on line 43: The '[Return]' setting is deprecated. Use the 'RETURN' statement instead.</msg>
<msg time="2025-07-11T14:52:30.526648" level="WARN">Error in file 'C:\Users\Lenovo\PycharmProjects\RaghuProject01\Tests\A_sendemail.robot' on line 50: The '[Return]' setting is deprecated. Use the 'RETURN' statement instead.</msg>
<msg time="2025-07-11T14:53:17.927841" level="WARN">Keyword 'Capture Page Screenshot' could not be run on failure: Message: invalid session id
Stacktrace:
	GetHandleVerifier [0x0x7ff6d5156f75+76917]
	GetHandleVerifier [0x0x7ff6d5156fd0+77008]
	(No symbol) [0x0x7ff6d4f09c1c]
	(No symbol) [0x0x7ff6d4f5055f]
	(No symbol) [0x0x7ff6d4f88332]
	(No symbol) [0x0x7ff6d4f82e53]
	(No symbol) [0x0x7ff6d4f81f19]
	(No symbol) [0x0x7ff6d4ed4b05]
	GetHandleVerifier [0x0x7ff6d542d2ad+3051437]
	GetHandleVerifier [0x0x7ff6d5427903+3028483]
	GetHandleVerifier [0x0x7ff6d544589d+3151261]
	GetHandleVerifier [0x0x7ff6d517183e+185662]
	GetHandleVerifier [0x0x7ff6d51796ff+218111]
	(No symbol) [0x0x7ff6d4ed3b00]
	GetHandleVerifier [0x0x7ff6d5545f18+4201496]
	BaseThreadInitThunk [0x0x7ffcc5abe8d7+23]
	RtlUserThreadStart [0x0x7ffcc7bbc34c+44]
</msg>
<msg time="2025-07-11T14:53:17.964643" level="WARN">Keyword 'Capture Page Screenshot' could not be run on failure: Message: invalid session id
Stacktrace:
	GetHandleVerifier [0x0x7ff6d5156f75+76917]
	GetHandleVerifier [0x0x7ff6d5156fd0+77008]
	(No symbol) [0x0x7ff6d4f09c1c]
	(No symbol) [0x0x7ff6d4f5055f]
	(No symbol) [0x0x7ff6d4f88332]
	(No symbol) [0x0x7ff6d4f82e53]
	(No symbol) [0x0x7ff6d4f81f19]
	(No symbol) [0x0x7ff6d4ed4b05]
	GetHandleVerifier [0x0x7ff6d542d2ad+3051437]
	GetHandleVerifier [0x0x7ff6d5427903+3028483]
	GetHandleVerifier [0x0x7ff6d544589d+3151261]
	GetHandleVerifier [0x0x7ff6d517183e+185662]
	GetHandleVerifier [0x0x7ff6d51796ff+218111]
	(No symbol) [0x0x7ff6d4ed3b00]
	GetHandleVerifier [0x0x7ff6d5545f18+4201496]
	BaseThreadInitThunk [0x0x7ffcc5abe8d7+23]
	RtlUserThreadStart [0x0x7ffcc7bbc34c+44]
</msg>
<msg time="2025-07-11T14:53:17.982992" level="WARN">Keyword 'Capture Page Screenshot' could not be run on failure: Message: invalid session id
Stacktrace:
	GetHandleVerifier [0x0x7ff6d5156f75+76917]
	GetHandleVerifier [0x0x7ff6d5156fd0+77008]
	(No symbol) [0x0x7ff6d4f09c1c]
	(No symbol) [0x0x7ff6d4f5055f]
	(No symbol) [0x0x7ff6d4f88332]
	(No symbol) [0x0x7ff6d4f82e53]
	(No symbol) [0x0x7ff6d4f81f19]
	(No symbol) [0x0x7ff6d4ed4b05]
	GetHandleVerifier [0x0x7ff6d542d2ad+3051437]
	GetHandleVerifier [0x0x7ff6d5427903+3028483]
	GetHandleVerifier [0x0x7ff6d544589d+3151261]
	GetHandleVerifier [0x0x7ff6d517183e+185662]
	GetHandleVerifier [0x0x7ff6d51796ff+218111]
	(No symbol) [0x0x7ff6d4ed3b00]
	GetHandleVerifier [0x0x7ff6d5545f18+4201496]
	BaseThreadInitThunk [0x0x7ffcc5abe8d7+23]
	RtlUserThreadStart [0x0x7ffcc7bbc34c+44]
</msg>
<msg time="2025-07-11T14:53:18.013856" level="WARN">Keyword 'Capture Page Screenshot' could not be run on failure: Message: invalid session id
Stacktrace:
	GetHandleVerifier [0x0x7ff6d5156f75+76917]
	GetHandleVerifier [0x0x7ff6d5156fd0+77008]
	(No symbol) [0x0x7ff6d4f09c1c]
	(No symbol) [0x0x7ff6d4f5055f]
	(No symbol) [0x0x7ff6d4f88332]
	(No symbol) [0x0x7ff6d4f82e53]
	(No symbol) [0x0x7ff6d4f81f19]
	(No symbol) [0x0x7ff6d4ed4b05]
	GetHandleVerifier [0x0x7ff6d542d2ad+3051437]
	GetHandleVerifier [0x0x7ff6d5427903+3028483]
	GetHandleVerifier [0x0x7ff6d544589d+3151261]
	GetHandleVerifier [0x0x7ff6d517183e+185662]
	GetHandleVerifier [0x0x7ff6d51796ff+218111]
	(No symbol) [0x0x7ff6d4ed3b00]
	GetHandleVerifier [0x0x7ff6d5545f18+4201496]
	BaseThreadInitThunk [0x0x7ffcc5abe8d7+23]
	RtlUserThreadStart [0x0x7ffcc7bbc34c+44]
</msg>
<msg time="2025-07-11T14:53:18.050025" level="WARN">Keyword 'Capture Page Screenshot' could not be run on failure: Message: invalid session id
Stacktrace:
	GetHandleVerifier [0x0x7ff6d5156f75+76917]
	GetHandleVerifier [0x0x7ff6d5156fd0+77008]
	(No symbol) [0x0x7ff6d4f09c1c]
	(No symbol) [0x0x7ff6d4f5055f]
	(No symbol) [0x0x7ff6d4f88332]
	(No symbol) [0x0x7ff6d4f82e53]
	(No symbol) [0x0x7ff6d4f81f19]
	(No symbol) [0x0x7ff6d4ed4b05]
	GetHandleVerifier [0x0x7ff6d542d2ad+3051437]
	GetHandleVerifier [0x0x7ff6d5427903+3028483]
	GetHandleVerifier [0x0x7ff6d544589d+3151261]
	GetHandleVerifier [0x0x7ff6d517183e+185662]
	GetHandleVerifier [0x0x7ff6d51796ff+218111]
	(No symbol) [0x0x7ff6d4ed3b00]
	GetHandleVerifier [0x0x7ff6d5545f18+4201496]
	BaseThreadInitThunk [0x0x7ffcc5abe8d7+23]
	RtlUserThreadStart [0x0x7ffcc7bbc34c+44]
</msg>
<msg time="2025-07-11T14:53:18.099780" level="WARN">Keyword 'Capture Page Screenshot' could not be run on failure: Message: invalid session id
Stacktrace:
	GetHandleVerifier [0x0x7ff6d5156f75+76917]
	GetHandleVerifier [0x0x7ff6d5156fd0+77008]
	(No symbol) [0x0x7ff6d4f09c1c]
	(No symbol) [0x0x7ff6d4f5055f]
	(No symbol) [0x0x7ff6d4f88332]
	(No symbol) [0x0x7ff6d4f82e53]
	(No symbol) [0x0x7ff6d4f81f19]
	(No symbol) [0x0x7ff6d4ed4b05]
	GetHandleVerifier [0x0x7ff6d542d2ad+3051437]
	GetHandleVerifier [0x0x7ff6d5427903+3028483]
	GetHandleVerifier [0x0x7ff6d544589d+3151261]
	GetHandleVerifier [0x0x7ff6d517183e+185662]
	GetHandleVerifier [0x0x7ff6d51796ff+218111]
	(No symbol) [0x0x7ff6d4ed3b00]
	GetHandleVerifier [0x0x7ff6d5545f18+4201496]
	BaseThreadInitThunk [0x0x7ffcc5abe8d7+23]
	RtlUserThreadStart [0x0x7ffcc7bbc34c+44]
</msg>
</errors>
</robot>
